<?xml version="1.0" encoding="UTF-8"?>
<testExecutions version="1">
  <file path="C:\Users\fprezeau\marvel-app\src\api\character-api.test.js">
    <testCase name="Character API getCharacters should return the full list of characters" duration="2"/>
    <testCase name="Character API getCharacterById should return the correct character for a given ID" duration="0"/>
    <testCase name="Character API getCharacterById should return undefined for an invalid ID" duration="0"/>
  </file>
  <file path="C:\Users\fprezeau\marvel-app\src\components\NumberOfCharacters.test.js">
    <testCase name="renders &quot;There is no character&quot; when characters array is empty" duration="16"/>
    <testCase name="renders the correct number of characters when characters array is not empty" duration="1"/>
    <testCase name="renders &quot;There is no character&quot; when no characters are provided" duration="1"/>
  </file>
</testExecutions>